-------------------------------------------------------------------------------
Test set: acmecollege.TestACMECollegeSystem
-------------------------------------------------------------------------------
Tests run: 1, Failures: 1, Errors: 0, Skipped: 0, Time elapsed: 0.782 s <<< FAILURE! - in acmecollege.TestACMECollegeSystem
acmecollege.TestACMECollegeSystem.test01_all_students_with_adminrole  Time elapsed: 0.417 s  <<< FAILURE!
java.lang.AssertionError: 

Expected: is <200>
     but: was <404>
	at acmecollege.TestACMECollegeSystem.test01_all_students_with_adminrole(TestACMECollegeSystem.java:92)

