-------------------------------------------------------------------------------
Test set: acmecollege.TestClubMember
-------------------------------------------------------------------------------
Tests run: 4, Failures: 3, Errors: 0, Skipped: 0, Time elapsed: 0.161 s <<< FAILURE! - in acmecollege.TestClubMember
acmecollege.TestClubMember.test01_all_club_memberships_with_adminrole  Time elapsed: 0.025 s  <<< FAILURE!
java.lang.AssertionError: 

Expected: is <200>
     but: was <404>
	at acmecollege.TestClubMember.test01_all_club_memberships_with_adminrole(TestCRUDClubMember.java:92)

acmecollege.TestClubMember.test02_all_club_memberships_with_userrole  Time elapsed: 0.027 s  <<< FAILURE!
java.lang.AssertionError: 

Expected: is <200>
     but: was <404>
	at acmecollege.TestClubMember.test02_all_club_memberships_with_userrole(TestCRUDClubMember.java:105)

acmecollege.TestClubMember.test03_add_club_membership_with_userrole  Time elapsed: 0.088 s  <<< FAILURE!
java.lang.AssertionError: 

Expected: is <403>
     but: was <404>
	at acmecollege.TestClubMember.test03_add_club_membership_with_userrole(TestCRUDClubMember.java:119)

