<?xml version="1.0" encoding="UTF-8"?>
<testsuite xmlns:xsi="http://www.w3.org/2001/XMLSchema-instance" xsi:noNamespaceSchemaLocation="https://maven.apache.org/surefire/maven-surefire-plugin/xsd/surefire-test-report-3.0.xsd" version="3.0" name="acmecollege.TestCRUDStudent" time="0.112" tests="9" errors="3" skipped="0" failures="5">
  <properties>
[...]
</properties>
  <testcase name="test01_get_all_students_with_adminrole" classname="acmecollege.TestCRUDStudent" time="0.015">
    <error type="org.glassfish.jersey.message.internal.MessageBodyProviderNotFoundException"><![CDATA[org.glassfish.jersey.message.internal.MessageBodyProviderNotFoundException: MessageBodyReader not found for media type=text/html, type=interface java.util.List, genericType=java.util.List<acmecollege.entity.Student>.
	at acmecollege.TestCRUDStudent.test01_get_all_students_with_adminrole(TestCRUDStudent.java:103)
]]></error>
    <system-out><![CDATA[         acmecollege.TestCRUDStudent | oneTimeSetUp]]></system-out>
  </testcase>
  <testcase name="test02_get_all_students_with_userrole" classname="acmecollege.TestCRUDStudent" time="0.014">
    <failure type="java.lang.AssertionError"><![CDATA[java.lang.AssertionError: 

Expected: is <403>
     but: was <404>
	at acmecollege.TestCRUDStudent.test02_get_all_students_with_userrole(TestCRUDStudent.java:122)
]]></failure>
  </testcase>
  <testcase name="test03_get_student_by_id_with_adminrole" classname="acmecollege.TestCRUDStudent" time="0.015">
    <failure type="java.lang.AssertionError"><![CDATA[java.lang.AssertionError: 

Expected: is <200>
     but: was <404>
	at acmecollege.TestCRUDStudent.test03_get_student_by_id_with_adminrole(TestCRUDStudent.java:140)
]]></failure>
  </testcase>
  <testcase name="test04_get_student_by_id_with_userrole" classname="acmecollege.TestCRUDStudent" time="0.009">
    <failure type="java.lang.AssertionError"><![CDATA[java.lang.AssertionError: 

Expected: is <200>
     but: was <404>
	at acmecollege.TestCRUDStudent.test04_get_student_by_id_with_userrole(TestCRUDStudent.java:160)
]]></failure>
  </testcase>
  <testcase name="test05_add_student_with_adminrole" classname="acmecollege.TestCRUDStudent" time="0.011">
    <failure type="java.lang.AssertionError"><![CDATA[java.lang.AssertionError: 

Expected: is <200>
     but: was <404>
	at acmecollege.TestCRUDStudent.test05_add_student_with_adminrole(TestCRUDStudent.java:180)
]]></failure>
  </testcase>
  <testcase name="test06_add_student_with_userrole" classname="acmecollege.TestCRUDStudent" time="0.011">
    <failure type="java.lang.AssertionError"><![CDATA[java.lang.AssertionError: 

Expected: is <403>
     but: was <404>
	at acmecollege.TestCRUDStudent.test06_add_student_with_userrole(TestCRUDStudent.java:200)
]]></failure>
  </testcase>
  <testcase name="test07_Update_student_with_adminrole" classname="acmecollege.TestCRUDStudent" time="0.011">
    <error type="org.glassfish.jersey.message.internal.MessageBodyProviderNotFoundException"><![CDATA[org.glassfish.jersey.message.internal.MessageBodyProviderNotFoundException: MessageBodyReader not found for media type=text/html, type=interface java.util.List, genericType=java.util.List<acmecollege.entity.Student>.
	at acmecollege.TestCRUDStudent.test07_Update_student_with_adminrole(TestCRUDStudent.java:212)
]]></error>
  </testcase>
  <testcase name="test08_delete_student_by_id_with_adminrole" classname="acmecollege.TestCRUDStudent" time="0.01">
    <error type="org.glassfish.jersey.message.internal.MessageBodyProviderNotFoundException"><![CDATA[org.glassfish.jersey.message.internal.MessageBodyProviderNotFoundException: MessageBodyReader not found for media type=text/html, type=interface java.util.List, genericType=java.util.List<acmecollege.entity.Student>.
	at acmecollege.TestCRUDStudent.test08_delete_student_by_id_with_adminrole(TestCRUDStudent.java:245)
]]></error>
  </testcase>
  <testcase name="test08_delete_student_by_id_with_userrole" classname="acmecollege.TestCRUDStudent" time="0.01"/>
</testsuite>